2025-03-31 02:47:37.475 [info] Extension host with pid 13065 started
2025-03-31 02:47:37.492 [info] Lock '/home/ubuntu/.vscode-server/data/User/workspaceStorage/c657ceaf85fd54b036de420358c34105/vscode.lock': Lock acquired.
2025-03-31 02:47:40.301 [info] ExtensionService#_doActivateExtension vscode.git-base, startup: false, activationEvent: '*', root cause: vscode.git
2025-03-31 02:47:40.302 [info] ExtensionService#_doActivateExtension vscode.tunnel-forwarding, startup: false, activationEvent: 'onTunnel'
2025-03-31 02:47:40.302 [info] ExtensionService#_doActivateExtension vscode.emmet, startup: false, activationEvent: 'onLanguage'
2025-03-31 02:47:46.038 [info] ExtensionService#_doActivateExtension vscode.git, startup: false, activationEvent: '*'
2025-03-31 02:47:46.038 [info] ExtensionService#_doActivateExtension vscode.github, startup: false, activationEvent: '*'
2025-03-31 02:47:47.413 [info] Eager extensions activated
2025-03-31 02:47:47.414 [info] ExtensionService#_doActivateExtension vscode.debug-auto-launch, startup: false, activationEvent: 'onStartupFinished'
2025-03-31 02:47:47.414 [info] ExtensionService#_doActivateExtension vscode.merge-conflict, startup: false, activationEvent: 'onStartupFinished'
2025-03-31 02:48:18.086 [info] ExtensionService#_doActivateExtension vscode.npm, startup: false, activationEvent: 'onTerminalQuickFixRequest:ms-vscode.npm-command'
2025-03-31 02:48:23.422 [info] ExtensionService#_doActivateExtension vscode.configuration-editing, startup: false, activationEvent: 'onLanguage:json'
2025-03-31 02:48:23.423 [info] ExtensionService#_doActivateExtension vscode.extension-editing, startup: false, activationEvent: 'onLanguage:json'
2025-03-31 02:48:23.423 [info] ExtensionService#_doActivateExtension vscode.json-language-features, startup: false, activationEvent: 'onLanguage:json'
2025-03-31 03:07:37.828 [warning] [Decorations] CAPPING events from decorations provider vscode.git 9229
2025-03-31 03:07:39.035 [warning] [Decorations] CAPPING events from decorations provider vscode.git 9229
2025-03-31 03:07:41.857 [warning] [Decorations] CAPPING events from decorations provider vscode.git 9229
2025-03-31 03:07:47.139 [warning] [Decorations] CAPPING events from decorations provider vscode.git 9229
2025-03-31 03:07:52.256 [warning] [Decorations] CAPPING events from decorations provider vscode.git 9229
2025-03-31 03:08:04.401 [warning] [Decorations] CAPPING events from decorations provider vscode.git 9229
2025-03-31 03:08:09.518 [warning] [Decorations] CAPPING events from decorations provider vscode.git 9229
2025-03-31 03:08:14.641 [warning] [Decorations] CAPPING events from decorations provider vscode.git 9229
2025-03-31 03:08:19.826 [warning] [Decorations] CAPPING events from decorations provider vscode.git 9229
2025-03-31 03:08:24.943 [warning] [Decorations] CAPPING events from decorations provider vscode.git 9229
2025-03-31 03:08:30.062 [warning] [Decorations] CAPPING events from decorations provider vscode.git 9229
2025-03-31 03:08:35.184 [warning] [Decorations] CAPPING events from decorations provider vscode.git 9229
2025-03-31 03:09:25.531 [warning] [Decorations] CAPPING events from decorations provider vscode.git 9229
2025-03-31 03:09:30.683 [warning] [Decorations] CAPPING events from decorations provider vscode.git 9229
