2025-03-31 02:47:48.041 [info] [main] Log level: Info
2025-03-31 02:47:48.041 [info] [main] Validating found git in: "git"
2025-03-31 02:47:48.041 [info] [main] Using git "2.34.1" from "git"
2025-03-31 02:47:48.041 [info] [Model][doInitialScan] Initial repository scan started
2025-03-31 02:47:48.041 [info] > git rev-parse --show-toplevel [3ms]
2025-03-31 02:47:48.041 [info] fatal: not a git repository (or any of the parent directories): .git
2025-03-31 02:47:48.041 [info] > git rev-parse --show-toplevel [5ms]
2025-03-31 02:47:48.041 [info] > git rev-parse --git-dir --git-common-dir [13ms]
2025-03-31 02:47:48.041 [info] [Model][openRepository] Opened repository: /home/ubuntu/shark/node_project
2025-03-31 02:47:48.041 [info] > git config --get commit.template [3ms]
2025-03-31 02:47:48.041 [info] > git rev-parse --show-toplevel [4ms]
2025-03-31 02:47:48.041 [info] fatal: not a git repository (or any of the parent directories): .git
2025-03-31 02:47:48.041 [info] > git for-each-ref --format=%(refname)%00%(upstream:short)%00%(objectname)%00%(upstream:track)%00%(upstream:remotename)%00%(upstream:remoteref) refs/heads/main refs/remotes/main [5ms]
2025-03-31 02:47:48.041 [warning] [Git][revParse] Unable to read file: ENOENT: no such file or directory, open '/home/ubuntu/shark/node_project/.git/refs/remotes/origin/main'
2025-03-31 02:47:48.041 [info] > git rev-parse --show-toplevel [3ms]
2025-03-31 02:47:48.041 [info] fatal: not a git repository (or any of the parent directories): .git
2025-03-31 02:47:48.041 [info] > git rev-parse refs/remotes/origin/main [3ms]
2025-03-31 02:47:48.041 [info] > git status -z -uall [4ms]
2025-03-31 02:47:48.041 [info] > git rev-parse --show-toplevel [8ms]
2025-03-31 02:47:48.042 [info] fatal: not a git repository (or any of the parent directories): .git
2025-03-31 02:47:48.042 [info] > git for-each-ref --sort -committerdate --format %(refname) %(objectname) %(*objectname) [2ms]
2025-03-31 02:47:48.042 [info] > git for-each-ref --format=%(refname)%00%(upstream:short)%00%(objectname)%00%(upstream:track)%00%(upstream:remotename)%00%(upstream:remoteref) refs/heads/main refs/remotes/main [8ms]
2025-03-31 02:47:48.042 [info] > git config --get --local branch.main.vscode-merge-base [1ms]
2025-03-31 02:47:48.042 [info] > git config --get commit.template [8ms]
2025-03-31 02:47:48.042 [info] > git rev-parse --show-toplevel [10ms]
2025-03-31 02:47:48.042 [info] fatal: not a git repository (or any of the parent directories): .git
2025-03-31 02:47:48.042 [info] > git for-each-ref --format=%(refname)%00%(upstream:short)%00%(objectname)%00%(upstream:track)%00%(upstream:remotename)%00%(upstream:remoteref) refs/heads/origin/main refs/remotes/origin/main [6ms]
2025-03-31 02:47:48.042 [info] > git for-each-ref --format=%(refname)%00%(upstream:short)%00%(objectname)%00%(upstream:track)%00%(upstream:remotename)%00%(upstream:remoteref) refs/heads/main refs/remotes/main [4ms]
2025-03-31 02:47:48.042 [info] > git rev-parse --show-toplevel [7ms]
2025-03-31 02:47:48.042 [info] fatal: not a git repository (or any of the parent directories): .git
2025-03-31 02:47:48.042 [warning] [Git][revParse] Unable to read file: ENOENT: no such file or directory, open '/home/ubuntu/shark/node_project/.git/refs/remotes/origin/main'
2025-03-31 02:47:48.042 [info] > git rev-parse refs/remotes/origin/main [3ms]
2025-03-31 02:47:48.042 [info] > git merge-base refs/heads/main refs/remotes/origin/main [11ms]
2025-03-31 02:47:48.042 [info] > git status -z -uall [7ms]
2025-03-31 02:47:48.042 [info] > git for-each-ref --sort -committerdate --format %(refname) %(objectname) %(*objectname) [4ms]
2025-03-31 02:47:48.042 [info] > git rev-parse --show-toplevel [15ms]
2025-03-31 02:47:48.042 [info] fatal: not a git repository (or any of the parent directories): .git
2025-03-31 02:47:48.042 [info] > git merge-base refs/heads/main refs/remotes/origin/main [4ms]
2025-03-31 02:47:48.042 [info] > git diff --name-status -z --diff-filter=ADMR 4fcefdc17e971ca03b4d1346d01088313f5dc264...refs/remotes/origin/main [12ms]
2025-03-31 02:47:48.042 [info] > git diff --name-status -z --diff-filter=ADMR 4fcefdc17e971ca03b4d1346d01088313f5dc264...refs/remotes/origin/main [5ms]
2025-03-31 02:47:48.042 [info] > git rev-parse --show-toplevel [7ms]
2025-03-31 02:47:48.042 [info] fatal: not a git repository (or any of the parent directories): .git
2025-03-31 02:47:48.042 [info] > git rev-parse --show-toplevel [1ms]
2025-03-31 02:47:48.042 [info] fatal: not a git repository (or any of the parent directories): .git
2025-03-31 02:47:48.042 [info] [Model][doInitialScan] Initial repository scan completed - repositories (1), closed repositories (0), parent repositories (0), unsafe repositories (0)
2025-03-31 02:47:48.600 [info] > git check-ignore -v -z --stdin [2ms]
2025-03-31 02:47:49.563 [info] > git show --textconv :k8s_deploy.yaml [5ms]
2025-03-31 02:47:49.564 [info] > git ls-files --stage -- k8s_deploy.yaml [2ms]
2025-03-31 02:47:49.567 [info] > git cat-file -s 8542a59558034c0f230799a2b33fc23ca2d41ee9 [1ms]
2025-03-31 02:47:50.062 [info] > git blame --root --incremental 4fcefdc17e971ca03b4d1346d01088313f5dc264 -- k8s_deploy.yaml [1ms]
2025-03-31 02:47:52.014 [info] > git rev-parse --show-toplevel [0ms]
2025-03-31 02:47:52.015 [info] fatal: not a git repository (or any of the parent directories): .git
2025-03-31 02:52:45.622 [info] > git show --textconv :db-service.yaml [2ms]
2025-03-31 02:52:45.623 [info] > git ls-files --stage -- db-service.yaml [1ms]
2025-03-31 02:52:45.627 [info] > git cat-file -s cc4101e8d3678583a01c6cd2af85cc1d7456f0f1 [2ms]
2025-03-31 02:52:58.201 [info] > git show --textconv :nodejs-service.yaml [4ms]
2025-03-31 02:52:58.202 [info] > git ls-files --stage -- nodejs-service.yaml [1ms]
2025-03-31 02:52:58.206 [info] > git cat-file -s c5e3ca30042dbd7bafc838529c173baae7f4eb4c [1ms]
2025-03-31 02:52:58.260 [info] > git blame --root --incremental 4fcefdc17e971ca03b4d1346d01088313f5dc264 -- nodejs-service.yaml [2ms]
2025-03-31 02:52:58.545 [info] > git check-ignore -v -z --stdin [1ms]
2025-03-31 03:06:52.482 [info] > git show --textconv :.env [3ms]
2025-03-31 03:06:52.485 [info] > git ls-files --stage -- .env [4ms]
2025-03-31 03:06:52.492 [info] > git hash-object -t tree /dev/null [0ms]
2025-03-31 03:06:52.492 [warning] [GitFileSystemProvider][stat] File not found - git:/home/ubuntu/shark/node_project/.env.git?%7B%22path%22%3A%22%2Fhome%2Fubuntu%2Fshark%2Fnode_project%2F.env%22%2C%22ref%22%3A%22%22%7D
2025-03-31 03:06:52.494 [info] > git hash-object -t tree /dev/null [9ms]
2025-03-31 03:06:52.494 [warning] [GitFileSystemProvider][readFile] File not found - git:/home/ubuntu/shark/node_project/.env.git?%7B%22path%22%3A%22%2Fhome%2Fubuntu%2Fshark%2Fnode_project%2F.env%22%2C%22ref%22%3A%22%22%7D
2025-03-31 03:06:52.677 [info] > git blame --root --incremental 4fcefdc17e971ca03b4d1346d01088313f5dc264 -- .env [2ms]
2025-03-31 03:06:52.677 [info] fatal: no such path .env in 4fcefdc17e971ca03b4d1346d01088313f5dc264
2025-03-31 03:06:57.450 [info] > git show --textconv :.env [6ms]
2025-03-31 03:06:57.450 [info] > git ls-files --stage -- .env [1ms]
2025-03-31 03:06:57.450 [warning] [GitFileSystemProvider][stat] File not found - git:/home/ubuntu/shark/node_project/.env.git?%7B%22path%22%3A%22%2Fhome%2Fubuntu%2Fshark%2Fnode_project%2F.env%22%2C%22ref%22%3A%22%22%7D
2025-03-31 03:06:57.451 [warning] [GitFileSystemProvider][readFile] File not found - git:/home/ubuntu/shark/node_project/.env.git?%7B%22path%22%3A%22%2Fhome%2Fubuntu%2Fshark%2Fnode_project%2F.env%22%2C%22ref%22%3A%22%22%7D
2025-03-31 03:07:37.664 [info] > git rev-parse --show-toplevel [1ms]
2025-03-31 03:07:37.669 [info] > git rev-parse --git-dir --git-common-dir [1ms]
2025-03-31 03:07:37.674 [info] [Model][openRepository] Opened repository: /home/ubuntu
2025-03-31 03:07:37.681 [info] [Git][getRemotes] No remotes found in the git config file
2025-03-31 03:07:37.681 [info] > git for-each-ref --format=%(refname)%00%(upstream:short)%00%(objectname)%00%(upstream:track)%00%(upstream:remotename)%00%(upstream:remoteref) refs/heads/master refs/remotes/master [1ms]
2025-03-31 03:07:37.681 [warning] [Git][getBranch] No such branch: master
2025-03-31 03:07:37.682 [info] > git config --get commit.template [4ms]
2025-03-31 03:07:37.689 [info] > git for-each-ref --sort -committerdate --format %(refname) %(objectname) %(*objectname) [1ms]
2025-03-31 03:07:37.731 [info] > git status -z -uall [47ms]
2025-03-31 03:07:38.901 [info] > git for-each-ref --format=%(refname)%00%(upstream:short)%00%(objectname)%00%(upstream:track)%00%(upstream:remotename)%00%(upstream:remoteref) refs/heads/master refs/remotes/master [1059ms]
2025-03-31 03:07:38.903 [warning] [Git][getBranch] No such branch: master
2025-03-31 03:07:38.904 [error] [GitHistoryProvider][resolveHEADMergeBase] Failed to resolve merge base for master: Error: No such branch: master.
2025-03-31 03:07:38.913 [info] > git config --get commit.template [36ms]
2025-03-31 03:07:38.921 [info] [Git][getRemotes] No remotes found in the git config file
2025-03-31 03:07:38.922 [info] > git for-each-ref --format=%(refname)%00%(upstream:short)%00%(objectname)%00%(upstream:track)%00%(upstream:remotename)%00%(upstream:remoteref) refs/heads/master refs/remotes/master [2ms]
2025-03-31 03:07:38.923 [warning] [Git][getBranch] No such branch: master
2025-03-31 03:07:38.933 [info] > git for-each-ref --sort -committerdate --format %(refname) %(objectname) %(*objectname) [0ms]
2025-03-31 03:07:38.979 [info] > git status -z -uall [53ms]
2025-03-31 03:07:40.047 [info] > git check-ignore -v -z --stdin [9ms]
2025-03-31 03:07:40.048 [info] > git check-ignore -v -z --stdin [7ms]
2025-03-31 03:07:41.742 [info] > git config --get commit.template [1ms]
2025-03-31 03:07:41.745 [info] [Git][getRemotes] No remotes found in the git config file
2025-03-31 03:07:41.746 [info] > git for-each-ref --format=%(refname)%00%(upstream:short)%00%(objectname)%00%(upstream:track)%00%(upstream:remotename)%00%(upstream:remoteref) refs/heads/master refs/remotes/master [1ms]
2025-03-31 03:07:41.746 [warning] [Git][getBranch] No such branch: master
2025-03-31 03:07:41.753 [info] > git for-each-ref --sort -committerdate --format %(refname) %(objectname) %(*objectname) [1ms]
2025-03-31 03:07:41.794 [info] > git status -z -uall [46ms]
2025-03-31 03:07:46.998 [info] > git config --get commit.template [4ms]
2025-03-31 03:07:47.011 [info] [Git][getRemotes] No remotes found in the git config file
2025-03-31 03:07:47.013 [info] > git for-each-ref --format=%(refname)%00%(upstream:short)%00%(objectname)%00%(upstream:track)%00%(upstream:remotename)%00%(upstream:remoteref) refs/heads/master refs/remotes/master [3ms]
2025-03-31 03:07:47.014 [warning] [Git][getBranch] No such branch: master
2025-03-31 03:07:47.025 [info] > git for-each-ref --sort -committerdate --format %(refname) %(objectname) %(*objectname) [2ms]
2025-03-31 03:07:47.082 [info] > git status -z -uall [65ms]
2025-03-31 03:07:52.156 [info] [Git][getRemotes] No remotes found in the git config file
2025-03-31 03:07:52.157 [info] > git config --get commit.template [5ms]
2025-03-31 03:07:52.158 [info] > git for-each-ref --format=%(refname)%00%(upstream:short)%00%(objectname)%00%(upstream:track)%00%(upstream:remotename)%00%(upstream:remoteref) refs/heads/master refs/remotes/master [3ms]
2025-03-31 03:07:52.158 [warning] [Git][getBranch] No such branch: master
2025-03-31 03:07:52.164 [info] > git for-each-ref --sort -committerdate --format %(refname) %(objectname) %(*objectname) [0ms]
2025-03-31 03:07:52.201 [info] > git status -z -uall [41ms]
2025-03-31 03:08:04.285 [info] [Git][getRemotes] No remotes found in the git config file
2025-03-31 03:08:04.289 [info] > git config --get commit.template [4ms]
2025-03-31 03:08:04.290 [info] > git for-each-ref --format=%(refname)%00%(upstream:short)%00%(objectname)%00%(upstream:track)%00%(upstream:remotename)%00%(upstream:remoteref) refs/heads/master refs/remotes/master [1ms]
2025-03-31 03:08:04.290 [warning] [Git][getBranch] No such branch: master
2025-03-31 03:08:04.297 [info] > git for-each-ref --sort -committerdate --format %(refname) %(objectname) %(*objectname) [0ms]
2025-03-31 03:08:04.331 [info] > git status -z -uall [39ms]
2025-03-31 03:08:09.418 [info] [Git][getRemotes] No remotes found in the git config file
2025-03-31 03:08:09.419 [info] > git for-each-ref --format=%(refname)%00%(upstream:short)%00%(objectname)%00%(upstream:track)%00%(upstream:remotename)%00%(upstream:remoteref) refs/heads/master refs/remotes/master [1ms]
2025-03-31 03:08:09.419 [warning] [Git][getBranch] No such branch: master
2025-03-31 03:08:09.420 [info] > git config --get commit.template [5ms]
2025-03-31 03:08:09.429 [info] > git for-each-ref --sort -committerdate --format %(refname) %(objectname) %(*objectname) [1ms]
2025-03-31 03:08:09.463 [info] > git status -z -uall [40ms]
2025-03-31 03:08:14.534 [info] [Git][getRemotes] No remotes found in the git config file
2025-03-31 03:08:14.535 [info] > git config --get commit.template [4ms]
2025-03-31 03:08:14.537 [info] > git for-each-ref --format=%(refname)%00%(upstream:short)%00%(objectname)%00%(upstream:track)%00%(upstream:remotename)%00%(upstream:remoteref) refs/heads/master refs/remotes/master [2ms]
2025-03-31 03:08:14.537 [warning] [Git][getBranch] No such branch: master
2025-03-31 03:08:14.544 [info] > git for-each-ref --sort -committerdate --format %(refname) %(objectname) %(*objectname) [0ms]
2025-03-31 03:08:14.580 [info] > git status -z -uall [40ms]
2025-03-31 03:08:19.655 [info] > git config --get commit.template [1ms]
2025-03-31 03:08:19.658 [info] [Git][getRemotes] No remotes found in the git config file
2025-03-31 03:08:19.659 [info] > git for-each-ref --format=%(refname)%00%(upstream:short)%00%(objectname)%00%(upstream:track)%00%(upstream:remotename)%00%(upstream:remoteref) refs/heads/master refs/remotes/master [1ms]
2025-03-31 03:08:19.659 [warning] [Git][getBranch] No such branch: master
2025-03-31 03:08:19.667 [info] > git for-each-ref --sort -committerdate --format %(refname) %(objectname) %(*objectname) [1ms]
2025-03-31 03:08:19.714 [info] > git status -z -uall [52ms]
2025-03-31 03:08:24.843 [info] [Git][getRemotes] No remotes found in the git config file
2025-03-31 03:08:24.844 [info] > git config --get commit.template [3ms]
2025-03-31 03:08:24.844 [info] > git for-each-ref --format=%(refname)%00%(upstream:short)%00%(objectname)%00%(upstream:track)%00%(upstream:remotename)%00%(upstream:remoteref) refs/heads/master refs/remotes/master [1ms]
2025-03-31 03:08:24.845 [warning] [Git][getBranch] No such branch: master
2025-03-31 03:08:24.853 [info] > git for-each-ref --sort -committerdate --format %(refname) %(objectname) %(*objectname) [2ms]
2025-03-31 03:08:24.884 [info] > git status -z -uall [37ms]
2025-03-31 03:08:29.960 [info] [Git][getRemotes] No remotes found in the git config file
2025-03-31 03:08:29.960 [info] > git config --get commit.template [4ms]
2025-03-31 03:08:29.961 [info] > git for-each-ref --format=%(refname)%00%(upstream:short)%00%(objectname)%00%(upstream:track)%00%(upstream:remotename)%00%(upstream:remoteref) refs/heads/master refs/remotes/master [1ms]
2025-03-31 03:08:29.961 [warning] [Git][getBranch] No such branch: master
2025-03-31 03:08:29.971 [info] > git for-each-ref --sort -committerdate --format %(refname) %(objectname) %(*objectname) [1ms]
2025-03-31 03:08:30.004 [info] > git status -z -uall [38ms]
2025-03-31 03:08:35.082 [info] [Git][getRemotes] No remotes found in the git config file
2025-03-31 03:08:35.082 [info] > git config --get commit.template [5ms]
2025-03-31 03:08:35.083 [info] > git for-each-ref --format=%(refname)%00%(upstream:short)%00%(objectname)%00%(upstream:track)%00%(upstream:remotename)%00%(upstream:remoteref) refs/heads/master refs/remotes/master [1ms]
2025-03-31 03:08:35.083 [warning] [Git][getBranch] No such branch: master
2025-03-31 03:08:35.091 [info] > git for-each-ref --sort -committerdate --format %(refname) %(objectname) %(*objectname) [1ms]
2025-03-31 03:08:35.123 [info] > git status -z -uall [37ms]
2025-03-31 03:09:25.408 [info] [Git][getRemotes] No remotes found in the git config file
2025-03-31 03:09:25.408 [info] > git config --get commit.template [4ms]
2025-03-31 03:09:25.409 [info] > git for-each-ref --format=%(refname)%00%(upstream:short)%00%(objectname)%00%(upstream:track)%00%(upstream:remotename)%00%(upstream:remoteref) refs/heads/master refs/remotes/master [1ms]
2025-03-31 03:09:25.409 [warning] [Git][getBranch] No such branch: master
2025-03-31 03:09:25.415 [info] > git for-each-ref --sort -committerdate --format %(refname) %(objectname) %(*objectname) [0ms]
2025-03-31 03:09:25.457 [info] > git status -z -uall [47ms]
2025-03-31 03:09:30.546 [info] > git config --get commit.template [0ms]
2025-03-31 03:09:30.547 [info] [Git][getRemotes] No remotes found in the git config file
2025-03-31 03:09:30.551 [info] > git for-each-ref --format=%(refname)%00%(upstream:short)%00%(objectname)%00%(upstream:track)%00%(upstream:remotename)%00%(upstream:remoteref) refs/heads/master refs/remotes/master [0ms]
2025-03-31 03:09:30.552 [warning] [Git][getBranch] No such branch: master
2025-03-31 03:09:30.561 [info] > git for-each-ref --sort -committerdate --format %(refname) %(objectname) %(*objectname) [0ms]
2025-03-31 03:09:30.611 [info] > git status -z -uall [56ms]
