2025-03-31 00:30:56.585 [info] Extension host with pid 6809 started
2025-03-31 00:30:56.600 [info] Lock '/home/ubuntu/.vscode-server/data/User/workspaceStorage/c657ceaf85fd54b036de420358c34105/vscode.lock': Lock acquired.
2025-03-31 00:30:57.627 [info] ExtensionService#_doActivateExtension vscode.git-base, startup: false, activationEvent: '*', root cause: vscode.git
2025-03-31 00:30:57.628 [info] ExtensionService#_doActivateExtension vscode.tunnel-forwarding, startup: false, activationEvent: 'onTunnel'
2025-03-31 00:30:58.957 [info] ExtensionService#_doActivateExtension vscode.emmet, startup: false, activationEvent: 'onLanguage'
2025-03-31 00:30:58.984 [info] ExtensionService#_doActivateExtension vscode.git, startup: false, activationEvent: '*'
2025-03-31 00:30:58.984 [info] ExtensionService#_doActivateExtension vscode.github, startup: false, activationEvent: '*'
2025-03-31 00:31:01.770 [info] Eager extensions activated
2025-03-31 00:31:01.770 [info] ExtensionService#_doActivateExtension vscode.debug-auto-launch, startup: false, activationEvent: 'onStartupFinished'
2025-03-31 00:31:01.771 [info] ExtensionService#_doActivateExtension vscode.merge-conflict, startup: false, activationEvent: 'onStartupFinished'
2025-03-31 00:32:15.201 [info] ExtensionService#_doActivateExtension vscode.npm, startup: false, activationEvent: 'onTerminalQuickFixRequest:ms-vscode.npm-command'
2025-03-31 00:32:20.563 [info] ExtensionService#_doActivateExtension vscode.configuration-editing, startup: false, activationEvent: 'onLanguage:json'
2025-03-31 00:32:20.563 [info] ExtensionService#_doActivateExtension vscode.extension-editing, startup: false, activationEvent: 'onLanguage:json'
2025-03-31 00:32:20.564 [info] ExtensionService#_doActivateExtension vscode.json-language-features, startup: false, activationEvent: 'onLanguage:json'
2025-03-31 02:45:29.363 [info] Extension host terminating: received terminate message from renderer
2025-03-31 02:45:29.363 [info] Lock '/home/ubuntu/.vscode-server/data/User/workspaceStorage/c657ceaf85fd54b036de420358c34105/vscode.lock': Marking the lockfile as scheduled to be released in 6000 ms.
2025-03-31 02:45:29.403 [error] Canceled: Canceled
	at new dR (file:///home/ubuntu/.vscode-server/cli/servers/Stable-2fc07b811f760549dab9be9d2bedd06c51dfcb9a/server/out/vs/workbench/api/node/extensionHostProcess.js:29:155028)
	at qy.U (file:///home/ubuntu/.vscode-server/cli/servers/Stable-2fc07b811f760549dab9be9d2bedd06c51dfcb9a/server/out/vs/workbench/api/node/extensionHostProcess.js:29:159639)
	at s.<computed>.n.charCodeAt.s.<computed> (file:///home/ubuntu/.vscode-server/cli/servers/Stable-2fc07b811f760549dab9be9d2bedd06c51dfcb9a/server/out/vs/workbench/api/node/extensionHostProcess.js:29:157133)
	at kw.g (file:///home/ubuntu/.vscode-server/cli/servers/Stable-2fc07b811f760549dab9be9d2bedd06c51dfcb9a/server/out/vs/workbench/api/node/extensionHostProcess.js:112:41039)
	at kw.executeCommand (file:///home/ubuntu/.vscode-server/cli/servers/Stable-2fc07b811f760549dab9be9d2bedd06c51dfcb9a/server/out/vs/workbench/api/node/extensionHostProcess.js:112:40543)
	at r.registerCommand.description (file:///home/ubuntu/.vscode-server/cli/servers/Stable-2fc07b811f760549dab9be9d2bedd06c51dfcb9a/server/out/vs/workbench/api/node/extensionHostProcess.js:112:39873)
	at kw.h (file:///home/ubuntu/.vscode-server/cli/servers/Stable-2fc07b811f760549dab9be9d2bedd06c51dfcb9a/server/out/vs/workbench/api/node/extensionHostProcess.js:112:41559)
	at kw.g (file:///home/ubuntu/.vscode-server/cli/servers/Stable-2fc07b811f760549dab9be9d2bedd06c51dfcb9a/server/out/vs/workbench/api/node/extensionHostProcess.js:112:40636)
	at kw.executeCommand (file:///home/ubuntu/.vscode-server/cli/servers/Stable-2fc07b811f760549dab9be9d2bedd06c51dfcb9a/server/out/vs/workbench/api/node/extensionHostProcess.js:112:40543)
	at Object.executeCommand (file:///home/ubuntu/.vscode-server/cli/servers/Stable-2fc07b811f760549dab9be9d2bedd06c51dfcb9a/server/out/vs/workbench/api/node/extensionHostProcess.js:172:37375)
	at Th.L [as value] (/home/ubuntu/.vscode-server/cli/servers/Stable-2fc07b811f760549dab9be9d2bedd06c51dfcb9a/server/extensions/git/dist/main.js:2:1000063)
	at D.B (file:///home/ubuntu/.vscode-server/cli/servers/Stable-2fc07b811f760549dab9be9d2bedd06c51dfcb9a/server/out/vs/workbench/api/node/extensionHostProcess.js:27:2375)
	at D.C (file:///home/ubuntu/.vscode-server/cli/servers/Stable-2fc07b811f760549dab9be9d2bedd06c51dfcb9a/server/out/vs/workbench/api/node/extensionHostProcess.js:27:2445)
	at D.fire (file:///home/ubuntu/.vscode-server/cli/servers/Stable-2fc07b811f760549dab9be9d2bedd06c51dfcb9a/server/out/vs/workbench/api/node/extensionHostProcess.js:27:2662)
	at Object.p [as dispose] (/home/ubuntu/.vscode-server/cli/servers/Stable-2fc07b811f760549dab9be9d2bedd06c51dfcb9a/server/extensions/git/dist/main.js:2:1022703)
	at /home/ubuntu/.vscode-server/cli/servers/Stable-2fc07b811f760549dab9be9d2bedd06c51dfcb9a/server/extensions/git/dist/main.js:2:1029021
	at Array.forEach (<anonymous>)
	at b.dispose (/home/ubuntu/.vscode-server/cli/servers/Stable-2fc07b811f760549dab9be9d2bedd06c51dfcb9a/server/extensions/git/dist/main.js:2:1029007)
	at fv.<anonymous> (file:///home/ubuntu/.vscode-server/cli/servers/Stable-2fc07b811f760549dab9be9d2bedd06c51dfcb9a/server/out/vs/workbench/api/node/extensionHostProcess.js:108:8922)
	at fv.dispose (file:///home/ubuntu/.vscode-server/cli/servers/Stable-2fc07b811f760549dab9be9d2bedd06c51dfcb9a/server/out/vs/workbench/api/node/extensionHostProcess.js:108:9018)
	at fv.<anonymous> (/home/ubuntu/.vscode-server/cli/servers/Stable-2fc07b811f760549dab9be9d2bedd06c51dfcb9a/server/extensions/git/dist/main.js:2:1002547)
	at fv.dispose (file:///home/ubuntu/.vscode-server/cli/servers/Stable-2fc07b811f760549dab9be9d2bedd06c51dfcb9a/server/out/vs/workbench/api/node/extensionHostProcess.js:108:9018)
	at hi (file:///home/ubuntu/.vscode-server/cli/servers/Stable-2fc07b811f760549dab9be9d2bedd06c51dfcb9a/server/out/vs/workbench/api/node/extensionHostProcess.js:25:701)
	at file:///home/ubuntu/.vscode-server/cli/servers/Stable-2fc07b811f760549dab9be9d2bedd06c51dfcb9a/server/out/vs/workbench/api/node/extensionHostProcess.js:116:14994
	at file:///home/ubuntu/.vscode-server/cli/servers/Stable-2fc07b811f760549dab9be9d2bedd06c51dfcb9a/server/out/vs/workbench/api/node/extensionHostProcess.js:25:1011
	at Object.dispose (file:///home/ubuntu/.vscode-server/cli/servers/Stable-2fc07b811f760549dab9be9d2bedd06c51dfcb9a/server/out/vs/workbench/api/node/extensionHostProcess.js:8:705)
	at zz.eb (file:///home/ubuntu/.vscode-server/cli/servers/Stable-2fc07b811f760549dab9be9d2bedd06c51dfcb9a/server/out/vs/workbench/api/node/extensionHostProcess.js:116:11921)
	at file:///home/ubuntu/.vscode-server/cli/servers/Stable-2fc07b811f760549dab9be9d2bedd06c51dfcb9a/server/out/vs/workbench/api/node/extensionHostProcess.js:116:9876
	at Array.map (<anonymous>)
	at zz.$ (file:///home/ubuntu/.vscode-server/cli/servers/Stable-2fc07b811f760549dab9be9d2bedd06c51dfcb9a/server/out/vs/workbench/api/node/extensionHostProcess.js:116:9864)
	at zz.terminate (file:///home/ubuntu/.vscode-server/cli/servers/Stable-2fc07b811f760549dab9be9d2bedd06c51dfcb9a/server/out/vs/workbench/api/node/extensionHostProcess.js:116:10107)
	at FI.terminate (file:///home/ubuntu/.vscode-server/cli/servers/Stable-2fc07b811f760549dab9be9d2bedd06c51dfcb9a/server/out/vs/workbench/api/node/extensionHostProcess.js:117:1434)
	at ts (file:///home/ubuntu/.vscode-server/cli/servers/Stable-2fc07b811f760549dab9be9d2bedd06c51dfcb9a/server/out/vs/workbench/api/node/extensionHostProcess.js:190:15108)
	at Th.value (file:///home/ubuntu/.vscode-server/cli/servers/Stable-2fc07b811f760549dab9be9d2bedd06c51dfcb9a/server/out/vs/workbench/api/node/extensionHostProcess.js:190:13269)
	at D.B (file:///home/ubuntu/.vscode-server/cli/servers/Stable-2fc07b811f760549dab9be9d2bedd06c51dfcb9a/server/out/vs/workbench/api/node/extensionHostProcess.js:27:2375)
	at D.fire (file:///home/ubuntu/.vscode-server/cli/servers/Stable-2fc07b811f760549dab9be9d2bedd06c51dfcb9a/server/out/vs/workbench/api/node/extensionHostProcess.js:27:2593)
	at Gn.fire (file:///home/ubuntu/.vscode-server/cli/servers/Stable-2fc07b811f760549dab9be9d2bedd06c51dfcb9a/server/out/vs/workbench/api/node/extensionHostProcess.js:29:9459)
	at Ym.A (file:///home/ubuntu/.vscode-server/cli/servers/Stable-2fc07b811f760549dab9be9d2bedd06c51dfcb9a/server/out/vs/workbench/api/node/extensionHostProcess.js:29:12575)
	at Th.value (file:///home/ubuntu/.vscode-server/cli/servers/Stable-2fc07b811f760549dab9be9d2bedd06c51dfcb9a/server/out/vs/workbench/api/node/extensionHostProcess.js:29:10995)
	at D.B (file:///home/ubuntu/.vscode-server/cli/servers/Stable-2fc07b811f760549dab9be9d2bedd06c51dfcb9a/server/out/vs/workbench/api/node/extensionHostProcess.js:27:2375)
	at D.fire (file:///home/ubuntu/.vscode-server/cli/servers/Stable-2fc07b811f760549dab9be9d2bedd06c51dfcb9a/server/out/vs/workbench/api/node/extensionHostProcess.js:27:2593)
	at C6.acceptChunk (file:///home/ubuntu/.vscode-server/cli/servers/Stable-2fc07b811f760549dab9be9d2bedd06c51dfcb9a/server/out/vs/workbench/api/node/extensionHostProcess.js:29:7942)
	at file:///home/ubuntu/.vscode-server/cli/servers/Stable-2fc07b811f760549dab9be9d2bedd06c51dfcb9a/server/out/vs/workbench/api/node/extensionHostProcess.js:29:7228
	at Socket.t (file:///home/ubuntu/.vscode-server/cli/servers/Stable-2fc07b811f760549dab9be9d2bedd06c51dfcb9a/server/out/vs/workbench/api/node/extensionHostProcess.js:29:15252)
	at Socket.emit (node:events:518:28)
	at addChunk (node:internal/streams/readable:561:12)
	at readableAddChunkPushByteMode (node:internal/streams/readable:512:3)
	at Readable.push (node:internal/streams/readable:392:5)
	at Pipe.onStreamRead (node:internal/stream_base_commons:191:23) setContext undefined
2025-03-31 02:45:29.403 [error] Canceled: Canceled
	at new dR (file:///home/ubuntu/.vscode-server/cli/servers/Stable-2fc07b811f760549dab9be9d2bedd06c51dfcb9a/server/out/vs/workbench/api/node/extensionHostProcess.js:29:155028)
	at qy.U (file:///home/ubuntu/.vscode-server/cli/servers/Stable-2fc07b811f760549dab9be9d2bedd06c51dfcb9a/server/out/vs/workbench/api/node/extensionHostProcess.js:29:159639)
	at s.<computed>.n.charCodeAt.s.<computed> (file:///home/ubuntu/.vscode-server/cli/servers/Stable-2fc07b811f760549dab9be9d2bedd06c51dfcb9a/server/out/vs/workbench/api/node/extensionHostProcess.js:29:157133)
	at kw.g (file:///home/ubuntu/.vscode-server/cli/servers/Stable-2fc07b811f760549dab9be9d2bedd06c51dfcb9a/server/out/vs/workbench/api/node/extensionHostProcess.js:112:41039)
	at kw.executeCommand (file:///home/ubuntu/.vscode-server/cli/servers/Stable-2fc07b811f760549dab9be9d2bedd06c51dfcb9a/server/out/vs/workbench/api/node/extensionHostProcess.js:112:40543)
	at r.registerCommand.description (file:///home/ubuntu/.vscode-server/cli/servers/Stable-2fc07b811f760549dab9be9d2bedd06c51dfcb9a/server/out/vs/workbench/api/node/extensionHostProcess.js:112:39873)
	at kw.h (file:///home/ubuntu/.vscode-server/cli/servers/Stable-2fc07b811f760549dab9be9d2bedd06c51dfcb9a/server/out/vs/workbench/api/node/extensionHostProcess.js:112:41559)
	at kw.g (file:///home/ubuntu/.vscode-server/cli/servers/Stable-2fc07b811f760549dab9be9d2bedd06c51dfcb9a/server/out/vs/workbench/api/node/extensionHostProcess.js:112:40636)
	at kw.executeCommand (file:///home/ubuntu/.vscode-server/cli/servers/Stable-2fc07b811f760549dab9be9d2bedd06c51dfcb9a/server/out/vs/workbench/api/node/extensionHostProcess.js:112:40543)
	at Object.executeCommand (file:///home/ubuntu/.vscode-server/cli/servers/Stable-2fc07b811f760549dab9be9d2bedd06c51dfcb9a/server/out/vs/workbench/api/node/extensionHostProcess.js:172:37375)
	at set hasGitHubRepositories [as hasGitHubRepositories] (/home/ubuntu/.vscode-server/cli/servers/Stable-2fc07b811f760549dab9be9d2bedd06c51dfcb9a/server/extensions/github/dist/extension.js:2:217805)
	at /home/ubuntu/.vscode-server/cli/servers/Stable-2fc07b811f760549dab9be9d2bedd06c51dfcb9a/server/extensions/github/dist/extension.js:2:218764
	at Th.value (/home/ubuntu/.vscode-server/cli/servers/Stable-2fc07b811f760549dab9be9d2bedd06c51dfcb9a/server/extensions/git/dist/main.js:2:1120702)
	at D.B (file:///home/ubuntu/.vscode-server/cli/servers/Stable-2fc07b811f760549dab9be9d2bedd06c51dfcb9a/server/out/vs/workbench/api/node/extensionHostProcess.js:27:2375)
	at D.C (file:///home/ubuntu/.vscode-server/cli/servers/Stable-2fc07b811f760549dab9be9d2bedd06c51dfcb9a/server/out/vs/workbench/api/node/extensionHostProcess.js:27:2445)
	at D.fire (file:///home/ubuntu/.vscode-server/cli/servers/Stable-2fc07b811f760549dab9be9d2bedd06c51dfcb9a/server/out/vs/workbench/api/node/extensionHostProcess.js:27:2662)
	at Object.p [as dispose] (/home/ubuntu/.vscode-server/cli/servers/Stable-2fc07b811f760549dab9be9d2bedd06c51dfcb9a/server/extensions/git/dist/main.js:2:1022703)
	at /home/ubuntu/.vscode-server/cli/servers/Stable-2fc07b811f760549dab9be9d2bedd06c51dfcb9a/server/extensions/git/dist/main.js:2:1029021
	at Array.forEach (<anonymous>)
	at b.dispose (/home/ubuntu/.vscode-server/cli/servers/Stable-2fc07b811f760549dab9be9d2bedd06c51dfcb9a/server/extensions/git/dist/main.js:2:1029007)
	at fv.<anonymous> (file:///home/ubuntu/.vscode-server/cli/servers/Stable-2fc07b811f760549dab9be9d2bedd06c51dfcb9a/server/out/vs/workbench/api/node/extensionHostProcess.js:108:8922)
	at fv.dispose (file:///home/ubuntu/.vscode-server/cli/servers/Stable-2fc07b811f760549dab9be9d2bedd06c51dfcb9a/server/out/vs/workbench/api/node/extensionHostProcess.js:108:9018)
	at fv.<anonymous> (/home/ubuntu/.vscode-server/cli/servers/Stable-2fc07b811f760549dab9be9d2bedd06c51dfcb9a/server/extensions/git/dist/main.js:2:1002547)
	at fv.dispose (file:///home/ubuntu/.vscode-server/cli/servers/Stable-2fc07b811f760549dab9be9d2bedd06c51dfcb9a/server/out/vs/workbench/api/node/extensionHostProcess.js:108:9018)
	at hi (file:///home/ubuntu/.vscode-server/cli/servers/Stable-2fc07b811f760549dab9be9d2bedd06c51dfcb9a/server/out/vs/workbench/api/node/extensionHostProcess.js:25:701)
	at file:///home/ubuntu/.vscode-server/cli/servers/Stable-2fc07b811f760549dab9be9d2bedd06c51dfcb9a/server/out/vs/workbench/api/node/extensionHostProcess.js:116:14994
	at file:///home/ubuntu/.vscode-server/cli/servers/Stable-2fc07b811f760549dab9be9d2bedd06c51dfcb9a/server/out/vs/workbench/api/node/extensionHostProcess.js:25:1011
	at Object.dispose (file:///home/ubuntu/.vscode-server/cli/servers/Stable-2fc07b811f760549dab9be9d2bedd06c51dfcb9a/server/out/vs/workbench/api/node/extensionHostProcess.js:8:705)
	at zz.eb (file:///home/ubuntu/.vscode-server/cli/servers/Stable-2fc07b811f760549dab9be9d2bedd06c51dfcb9a/server/out/vs/workbench/api/node/extensionHostProcess.js:116:11921)
	at file:///home/ubuntu/.vscode-server/cli/servers/Stable-2fc07b811f760549dab9be9d2bedd06c51dfcb9a/server/out/vs/workbench/api/node/extensionHostProcess.js:116:9876
	at Array.map (<anonymous>)
	at zz.$ (file:///home/ubuntu/.vscode-server/cli/servers/Stable-2fc07b811f760549dab9be9d2bedd06c51dfcb9a/server/out/vs/workbench/api/node/extensionHostProcess.js:116:9864)
	at zz.terminate (file:///home/ubuntu/.vscode-server/cli/servers/Stable-2fc07b811f760549dab9be9d2bedd06c51dfcb9a/server/out/vs/workbench/api/node/extensionHostProcess.js:116:10107)
	at FI.terminate (file:///home/ubuntu/.vscode-server/cli/servers/Stable-2fc07b811f760549dab9be9d2bedd06c51dfcb9a/server/out/vs/workbench/api/node/extensionHostProcess.js:117:1434)
	at ts (file:///home/ubuntu/.vscode-server/cli/servers/Stable-2fc07b811f760549dab9be9d2bedd06c51dfcb9a/server/out/vs/workbench/api/node/extensionHostProcess.js:190:15108)
	at Th.value (file:///home/ubuntu/.vscode-server/cli/servers/Stable-2fc07b811f760549dab9be9d2bedd06c51dfcb9a/server/out/vs/workbench/api/node/extensionHostProcess.js:190:13269)
	at D.B (file:///home/ubuntu/.vscode-server/cli/servers/Stable-2fc07b811f760549dab9be9d2bedd06c51dfcb9a/server/out/vs/workbench/api/node/extensionHostProcess.js:27:2375)
	at D.fire (file:///home/ubuntu/.vscode-server/cli/servers/Stable-2fc07b811f760549dab9be9d2bedd06c51dfcb9a/server/out/vs/workbench/api/node/extensionHostProcess.js:27:2593)
	at Gn.fire (file:///home/ubuntu/.vscode-server/cli/servers/Stable-2fc07b811f760549dab9be9d2bedd06c51dfcb9a/server/out/vs/workbench/api/node/extensionHostProcess.js:29:9459)
	at Ym.A (file:///home/ubuntu/.vscode-server/cli/servers/Stable-2fc07b811f760549dab9be9d2bedd06c51dfcb9a/server/out/vs/workbench/api/node/extensionHostProcess.js:29:12575)
	at Th.value (file:///home/ubuntu/.vscode-server/cli/servers/Stable-2fc07b811f760549dab9be9d2bedd06c51dfcb9a/server/out/vs/workbench/api/node/extensionHostProcess.js:29:10995)
	at D.B (file:///home/ubuntu/.vscode-server/cli/servers/Stable-2fc07b811f760549dab9be9d2bedd06c51dfcb9a/server/out/vs/workbench/api/node/extensionHostProcess.js:27:2375)
	at D.fire (file:///home/ubuntu/.vscode-server/cli/servers/Stable-2fc07b811f760549dab9be9d2bedd06c51dfcb9a/server/out/vs/workbench/api/node/extensionHostProcess.js:27:2593)
	at C6.acceptChunk (file:///home/ubuntu/.vscode-server/cli/servers/Stable-2fc07b811f760549dab9be9d2bedd06c51dfcb9a/server/out/vs/workbench/api/node/extensionHostProcess.js:29:7942)
	at file:///home/ubuntu/.vscode-server/cli/servers/Stable-2fc07b811f760549dab9be9d2bedd06c51dfcb9a/server/out/vs/workbench/api/node/extensionHostProcess.js:29:7228
	at Socket.t (file:///home/ubuntu/.vscode-server/cli/servers/Stable-2fc07b811f760549dab9be9d2bedd06c51dfcb9a/server/out/vs/workbench/api/node/extensionHostProcess.js:29:15252)
	at Socket.emit (node:events:518:28)
	at addChunk (node:internal/streams/readable:561:12)
	at readableAddChunkPushByteMode (node:internal/streams/readable:512:3)
	at Readable.push (node:internal/streams/readable:392:5)
	at Pipe.onStreamRead (node:internal/stream_base_commons:191:23) setContext undefined
2025-03-31 02:45:29.406 [info] Extension host with pid 6809 exiting with code 0
